{"/Users/nicolacortese/Projects/tech-tests/bank-tech-test/bank.js": {"path":"/Users/nicolacortese/Projects/tech-tests/bank-tech-test/bank.js","statementMap":{"0":{"start":{"line":1,"column":17},"end":{"line":3,"column":1}},"1":{"start":{"line":2,"column":2},"end":{"line":2,"column":16}},"2":{"start":{"line":6,"column":0},"end":{"line":6,"column":26}}},"fnMap":{"0":{"name":"(anonymous_0)","decl":{"start":{"line":1,"column":17},"end":{"line":1,"column":18}},"loc":{"start":{"line":1,"column":23},"end":{"line":3,"column":1}},"line":1}},"branchMap":{},"s":{"0":1,"1":1,"2":1},"f":{"0":1},"b":{},"_coverageSchema":"1a1c01bbd47fc00a2c39e90264f33305004495a9","hash":"46c1577cd6b513455bf2f4d891c50d88a8175ae4"}
}
